2022-02-09 20:52:34.222 [main] INFO  com.yuan.eduservice.EduApplication - Starting EduApplication on yuanshuaideMacBook-Pro.local with PID 14980 (/Users/yuanshuai/Desktop/projects/yuan_parent/service/service_edu/target/classes started by yuanshuai in /Users/yuanshuai/Desktop/projects/yuan_parent)
2022-02-09 20:52:34.227 [main] INFO  com.yuan.eduservice.EduApplication - The following profiles are active: dev
2022-02-09 20:52:35.733 [main] INFO  o.s.d.r.config.RepositoryConfigurationDelegate - Multiple Spring Data modules found, entering strict repository configuration mode!
2022-02-09 20:52:35.737 [main] INFO  o.s.d.r.config.RepositoryConfigurationDelegate - Bootstrapping Spring Data repositories in DEFAULT mode.
2022-02-09 20:52:35.785 [main] INFO  o.s.d.r.config.RepositoryConfigurationDelegate - Finished Spring Data repository scanning in 21ms. Found 0 repository interfaces.
2022-02-09 20:52:36.106 [main] INFO  o.s.c.s.PostProcessorRegistrationDelegate$BeanPostProcessorChecker - Bean 'org.springframework.transaction.annotation.ProxyTransactionManagementConfiguration' of type [org.springframework.transaction.annotation.ProxyTransactionManagementConfiguration] is not eligible for getting processed by all BeanPostProcessors (for example: not eligible for auto-proxying)
2022-02-09 20:52:36.370 [main] INFO  o.s.boot.web.embedded.tomcat.TomcatWebServer - Tomcat initialized with port(s): 8001 (http)
2022-02-09 20:52:36.382 [main] INFO  org.apache.coyote.http11.Http11NioProtocol - Initializing ProtocolHandler ["http-nio-8001"]
2022-02-09 20:52:36.383 [main] INFO  org.apache.catalina.core.StandardService - Starting service [Tomcat]
2022-02-09 20:52:36.384 [main] INFO  org.apache.catalina.core.StandardEngine - Starting Servlet engine: [Apache Tomcat/9.0.27]
2022-02-09 20:52:36.485 [main] INFO  o.a.c.core.ContainerBase.[Tomcat].[localhost].[/] - Initializing Spring embedded WebApplicationContext
2022-02-09 20:52:36.485 [main] INFO  org.springframework.web.context.ContextLoader - Root WebApplicationContext: initialization completed in 2171 ms
2022-02-09 20:52:36.737 [main] INFO  com.zaxxer.hikari.HikariDataSource - YuanHikariPool - Starting...
2022-02-09 20:52:37.451 [main] INFO  com.zaxxer.hikari.HikariDataSource - YuanHikariPool - Start completed.
2022-02-09 20:52:39.044 [main] INFO  s.d.s.w.PropertySourcedRequestMappingHandlerMapping - Mapped URL path [/v2/api-docs] onto method [springfox.documentation.swagger2.web.Swagger2Controller#getDocumentation(String, HttpServletRequest)]
2022-02-09 20:52:39.224 [main] INFO  o.s.scheduling.concurrent.ThreadPoolTaskExecutor - Initializing ExecutorService 'applicationTaskExecutor'
2022-02-09 20:52:40.080 [main] INFO  s.d.s.web.plugins.DocumentationPluginsBootstrapper - Context refreshed
2022-02-09 20:52:40.105 [main] INFO  s.d.s.web.plugins.DocumentationPluginsBootstrapper - Found 1 custom documentation plugin(s)
2022-02-09 20:52:40.155 [main] INFO  s.d.spring.web.scanners.ApiListingReferenceScanner - Scanning for api listing references
2022-02-09 20:52:40.498 [main] INFO  org.apache.coyote.http11.Http11NioProtocol - Starting ProtocolHandler ["http-nio-8001"]
2022-02-09 20:52:40.552 [main] INFO  o.s.boot.web.embedded.tomcat.TomcatWebServer - Tomcat started on port(s): 8001 (http) with context path ''
2022-02-09 20:52:40.559 [main] INFO  com.yuan.eduservice.EduApplication - Started EduApplication in 7.103 seconds (JVM running for 7.907)
2022-02-09 20:52:51.712 [http-nio-8001-exec-1] INFO  o.a.c.core.ContainerBase.[Tomcat].[localhost].[/] - Initializing Spring DispatcherServlet 'dispatcherServlet'
2022-02-09 20:52:51.713 [http-nio-8001-exec-1] INFO  org.springframework.web.servlet.DispatcherServlet - Initializing Servlet 'dispatcherServlet'
2022-02-09 20:52:51.898 [http-nio-8001-exec-1] INFO  org.springframework.web.servlet.DispatcherServlet - Completed initialization in 185 ms
2022-02-09 21:25:43.990 [SpringContextShutdownHook] INFO  o.s.scheduling.concurrent.ThreadPoolTaskExecutor - Shutting down ExecutorService 'applicationTaskExecutor'
2022-02-09 21:25:43.992 [SpringContextShutdownHook] INFO  com.zaxxer.hikari.HikariDataSource - YuanHikariPool - Shutdown initiated...
2022-02-09 21:25:43.999 [SpringContextShutdownHook] INFO  com.zaxxer.hikari.HikariDataSource - YuanHikariPool - Shutdown completed.
2022-02-09 21:25:53.270 [main] INFO  com.yuan.eduservice.EduApplication - Starting EduApplication on yuanshuaideMacBook-Pro.local with PID 28890 (/Users/yuanshuai/Desktop/projects/yuan_parent/service/service_edu/target/classes started by yuanshuai in /Users/yuanshuai/Desktop/projects/yuan_parent)
2022-02-09 21:25:53.273 [main] INFO  com.yuan.eduservice.EduApplication - The following profiles are active: dev
2022-02-09 21:25:54.185 [main] INFO  o.s.d.r.config.RepositoryConfigurationDelegate - Multiple Spring Data modules found, entering strict repository configuration mode!
2022-02-09 21:25:54.189 [main] INFO  o.s.d.r.config.RepositoryConfigurationDelegate - Bootstrapping Spring Data repositories in DEFAULT mode.
2022-02-09 21:25:54.229 [main] INFO  o.s.d.r.config.RepositoryConfigurationDelegate - Finished Spring Data repository scanning in 23ms. Found 0 repository interfaces.
2022-02-09 21:25:54.539 [main] INFO  o.s.c.s.PostProcessorRegistrationDelegate$BeanPostProcessorChecker - Bean 'org.springframework.transaction.annotation.ProxyTransactionManagementConfiguration' of type [org.springframework.transaction.annotation.ProxyTransactionManagementConfiguration] is not eligible for getting processed by all BeanPostProcessors (for example: not eligible for auto-proxying)
2022-02-09 21:25:54.757 [main] INFO  o.s.boot.web.embedded.tomcat.TomcatWebServer - Tomcat initialized with port(s): 8001 (http)
2022-02-09 21:25:54.764 [main] INFO  org.apache.coyote.http11.Http11NioProtocol - Initializing ProtocolHandler ["http-nio-8001"]
2022-02-09 21:25:54.765 [main] INFO  org.apache.catalina.core.StandardService - Starting service [Tomcat]
2022-02-09 21:25:54.765 [main] INFO  org.apache.catalina.core.StandardEngine - Starting Servlet engine: [Apache Tomcat/9.0.27]
2022-02-09 21:25:54.836 [main] INFO  o.a.c.core.ContainerBase.[Tomcat].[localhost].[/] - Initializing Spring embedded WebApplicationContext
2022-02-09 21:25:54.837 [main] INFO  org.springframework.web.context.ContextLoader - Root WebApplicationContext: initialization completed in 1483 ms
2022-02-09 21:25:55.035 [main] INFO  com.zaxxer.hikari.HikariDataSource - YuanHikariPool - Starting...
2022-02-09 21:25:55.431 [main] INFO  com.zaxxer.hikari.HikariDataSource - YuanHikariPool - Start completed.
2022-02-09 21:25:56.006 [main] INFO  s.d.s.w.PropertySourcedRequestMappingHandlerMapping - Mapped URL path [/v2/api-docs] onto method [springfox.documentation.swagger2.web.Swagger2Controller#getDocumentation(String, HttpServletRequest)]
2022-02-09 21:25:56.091 [main] INFO  o.s.scheduling.concurrent.ThreadPoolTaskExecutor - Initializing ExecutorService 'applicationTaskExecutor'
2022-02-09 21:25:56.447 [main] INFO  s.d.s.web.plugins.DocumentationPluginsBootstrapper - Context refreshed
2022-02-09 21:25:56.458 [main] INFO  s.d.s.web.plugins.DocumentationPluginsBootstrapper - Found 1 custom documentation plugin(s)
2022-02-09 21:25:56.483 [main] INFO  s.d.spring.web.scanners.ApiListingReferenceScanner - Scanning for api listing references
2022-02-09 21:25:56.686 [main] INFO  org.apache.coyote.http11.Http11NioProtocol - Starting ProtocolHandler ["http-nio-8001"]
2022-02-09 21:25:56.771 [main] INFO  o.s.boot.web.embedded.tomcat.TomcatWebServer - Tomcat started on port(s): 8001 (http) with context path ''
2022-02-09 21:25:56.776 [main] INFO  com.yuan.eduservice.EduApplication - Started EduApplication in 4.021 seconds (JVM running for 5.206)
2022-02-09 21:26:01.885 [http-nio-8001-exec-1] INFO  o.a.c.core.ContainerBase.[Tomcat].[localhost].[/] - Initializing Spring DispatcherServlet 'dispatcherServlet'
2022-02-09 21:26:01.886 [http-nio-8001-exec-1] INFO  org.springframework.web.servlet.DispatcherServlet - Initializing Servlet 'dispatcherServlet'
2022-02-09 21:26:01.893 [http-nio-8001-exec-1] INFO  org.springframework.web.servlet.DispatcherServlet - Completed initialization in 7 ms
2022-02-09 22:23:45.601 [SpringContextShutdownHook] INFO  o.s.scheduling.concurrent.ThreadPoolTaskExecutor - Shutting down ExecutorService 'applicationTaskExecutor'
2022-02-09 22:23:45.605 [SpringContextShutdownHook] INFO  com.zaxxer.hikari.HikariDataSource - YuanHikariPool - Shutdown initiated...
2022-02-09 22:23:45.618 [SpringContextShutdownHook] INFO  com.zaxxer.hikari.HikariDataSource - YuanHikariPool - Shutdown completed.
2022-02-09 22:23:53.388 [main] INFO  com.yuan.eduservice.EduApplication - Starting EduApplication on yuanshuaideMacBook-Pro.local with PID 52790 (/Users/yuanshuai/Desktop/projects/yuan_parent/service/service_edu/target/classes started by yuanshuai in /Users/yuanshuai/Desktop/projects/yuan_parent)
2022-02-09 22:23:53.393 [main] INFO  com.yuan.eduservice.EduApplication - The following profiles are active: dev
2022-02-09 22:23:54.338 [main] INFO  o.s.d.r.config.RepositoryConfigurationDelegate - Multiple Spring Data modules found, entering strict repository configuration mode!
2022-02-09 22:23:54.341 [main] INFO  o.s.d.r.config.RepositoryConfigurationDelegate - Bootstrapping Spring Data repositories in DEFAULT mode.
2022-02-09 22:23:54.369 [main] INFO  o.s.d.r.config.RepositoryConfigurationDelegate - Finished Spring Data repository scanning in 15ms. Found 0 repository interfaces.
2022-02-09 22:23:54.628 [main] INFO  o.s.c.s.PostProcessorRegistrationDelegate$BeanPostProcessorChecker - Bean 'org.springframework.transaction.annotation.ProxyTransactionManagementConfiguration' of type [org.springframework.transaction.annotation.ProxyTransactionManagementConfiguration] is not eligible for getting processed by all BeanPostProcessors (for example: not eligible for auto-proxying)
2022-02-09 22:23:54.822 [main] INFO  o.s.boot.web.embedded.tomcat.TomcatWebServer - Tomcat initialized with port(s): 8001 (http)
2022-02-09 22:23:54.829 [main] INFO  org.apache.coyote.http11.Http11NioProtocol - Initializing ProtocolHandler ["http-nio-8001"]
2022-02-09 22:23:54.830 [main] INFO  org.apache.catalina.core.StandardService - Starting service [Tomcat]
2022-02-09 22:23:54.830 [main] INFO  org.apache.catalina.core.StandardEngine - Starting Servlet engine: [Apache Tomcat/9.0.27]
2022-02-09 22:23:54.905 [main] INFO  o.a.c.core.ContainerBase.[Tomcat].[localhost].[/] - Initializing Spring embedded WebApplicationContext
2022-02-09 22:23:54.906 [main] INFO  org.springframework.web.context.ContextLoader - Root WebApplicationContext: initialization completed in 1436 ms
2022-02-09 22:23:55.129 [main] INFO  com.zaxxer.hikari.HikariDataSource - YuanHikariPool - Starting...
2022-02-09 22:23:55.559 [main] INFO  com.zaxxer.hikari.HikariDataSource - YuanHikariPool - Start completed.
2022-02-09 22:23:56.173 [main] INFO  s.d.s.w.PropertySourcedRequestMappingHandlerMapping - Mapped URL path [/v2/api-docs] onto method [springfox.documentation.swagger2.web.Swagger2Controller#getDocumentation(String, HttpServletRequest)]
2022-02-09 22:23:56.267 [main] INFO  o.s.scheduling.concurrent.ThreadPoolTaskExecutor - Initializing ExecutorService 'applicationTaskExecutor'
2022-02-09 22:23:56.711 [main] INFO  s.d.s.web.plugins.DocumentationPluginsBootstrapper - Context refreshed
2022-02-09 22:23:56.723 [main] INFO  s.d.s.web.plugins.DocumentationPluginsBootstrapper - Found 1 custom documentation plugin(s)
2022-02-09 22:23:56.749 [main] INFO  s.d.spring.web.scanners.ApiListingReferenceScanner - Scanning for api listing references
2022-02-09 22:23:56.937 [main] INFO  org.apache.coyote.http11.Http11NioProtocol - Starting ProtocolHandler ["http-nio-8001"]
2022-02-09 22:23:56.968 [main] INFO  o.s.boot.web.embedded.tomcat.TomcatWebServer - Tomcat started on port(s): 8001 (http) with context path ''
2022-02-09 22:23:56.971 [main] INFO  com.yuan.eduservice.EduApplication - Started EduApplication in 4.234 seconds (JVM running for 5.247)
2022-02-09 22:24:02.585 [http-nio-8001-exec-1] INFO  o.a.c.core.ContainerBase.[Tomcat].[localhost].[/] - Initializing Spring DispatcherServlet 'dispatcherServlet'
2022-02-09 22:24:02.585 [http-nio-8001-exec-1] INFO  org.springframework.web.servlet.DispatcherServlet - Initializing Servlet 'dispatcherServlet'
2022-02-09 22:24:02.590 [http-nio-8001-exec-1] INFO  org.springframework.web.servlet.DispatcherServlet - Completed initialization in 5 ms
2022-02-09 22:30:50.480 [SpringContextShutdownHook] INFO  o.s.scheduling.concurrent.ThreadPoolTaskExecutor - Shutting down ExecutorService 'applicationTaskExecutor'
2022-02-09 22:30:50.483 [SpringContextShutdownHook] INFO  com.zaxxer.hikari.HikariDataSource - YuanHikariPool - Shutdown initiated...
2022-02-09 22:30:50.490 [SpringContextShutdownHook] INFO  com.zaxxer.hikari.HikariDataSource - YuanHikariPool - Shutdown completed.
2022-02-09 23:58:29.116 [main] INFO  com.yuan.eduservice.EduApplication - Starting EduApplication on yuanshuaideMacBook-Pro.local with PID 92683 (/Users/yuanshuai/Desktop/projects/yuan_parent/service/service_edu/target/classes started by yuanshuai in /Users/yuanshuai/Desktop/projects/yuan_parent)
2022-02-09 23:58:29.121 [main] INFO  com.yuan.eduservice.EduApplication - The following profiles are active: dev
2022-02-09 23:58:30.181 [main] INFO  o.s.d.r.config.RepositoryConfigurationDelegate - Multiple Spring Data modules found, entering strict repository configuration mode!
2022-02-09 23:58:30.186 [main] INFO  o.s.d.r.config.RepositoryConfigurationDelegate - Bootstrapping Spring Data repositories in DEFAULT mode.
2022-02-09 23:58:30.224 [main] INFO  o.s.d.r.config.RepositoryConfigurationDelegate - Finished Spring Data repository scanning in 16ms. Found 0 repository interfaces.
2022-02-09 23:58:30.527 [main] INFO  o.s.c.s.PostProcessorRegistrationDelegate$BeanPostProcessorChecker - Bean 'org.springframework.transaction.annotation.ProxyTransactionManagementConfiguration' of type [org.springframework.transaction.annotation.ProxyTransactionManagementConfiguration] is not eligible for getting processed by all BeanPostProcessors (for example: not eligible for auto-proxying)
2022-02-09 23:58:30.787 [main] INFO  o.s.boot.web.embedded.tomcat.TomcatWebServer - Tomcat initialized with port(s): 8001 (http)
2022-02-09 23:58:30.798 [main] INFO  org.apache.coyote.http11.Http11NioProtocol - Initializing ProtocolHandler ["http-nio-8001"]
2022-02-09 23:58:30.799 [main] INFO  org.apache.catalina.core.StandardService - Starting service [Tomcat]
2022-02-09 23:58:30.799 [main] INFO  org.apache.catalina.core.StandardEngine - Starting Servlet engine: [Apache Tomcat/9.0.27]
2022-02-09 23:58:30.891 [main] INFO  o.a.c.core.ContainerBase.[Tomcat].[localhost].[/] - Initializing Spring embedded WebApplicationContext
2022-02-09 23:58:30.892 [main] INFO  org.springframework.web.context.ContextLoader - Root WebApplicationContext: initialization completed in 1713 ms
2022-02-09 23:58:31.130 [main] INFO  com.zaxxer.hikari.HikariDataSource - YuanHikariPool - Starting...
2022-02-09 23:58:31.665 [main] INFO  com.zaxxer.hikari.HikariDataSource - YuanHikariPool - Start completed.
2022-02-09 23:58:32.362 [main] INFO  s.d.s.w.PropertySourcedRequestMappingHandlerMapping - Mapped URL path [/v2/api-docs] onto method [springfox.documentation.swagger2.web.Swagger2Controller#getDocumentation(String, HttpServletRequest)]
2022-02-09 23:58:32.470 [main] INFO  o.s.scheduling.concurrent.ThreadPoolTaskExecutor - Initializing ExecutorService 'applicationTaskExecutor'
2022-02-09 23:58:33.059 [main] INFO  s.d.s.web.plugins.DocumentationPluginsBootstrapper - Context refreshed
2022-02-09 23:58:33.078 [main] INFO  s.d.s.web.plugins.DocumentationPluginsBootstrapper - Found 1 custom documentation plugin(s)
2022-02-09 23:58:33.110 [main] INFO  s.d.spring.web.scanners.ApiListingReferenceScanner - Scanning for api listing references
2022-02-09 23:58:33.324 [main] INFO  org.apache.coyote.http11.Http11NioProtocol - Starting ProtocolHandler ["http-nio-8001"]
2022-02-09 23:58:33.356 [main] INFO  o.s.boot.web.embedded.tomcat.TomcatWebServer - Tomcat started on port(s): 8001 (http) with context path ''
2022-02-09 23:58:33.359 [main] INFO  com.yuan.eduservice.EduApplication - Started EduApplication in 5.29 seconds (JVM running for 7.076)
