2022-02-08 11:44:55.894 [main] INFO  com.yuan.eduservice.EduApplication - Starting EduApplication on yuanshuaideMacBook-Pro.local with PID 15991 (/Users/yuanshuai/Desktop/projects/yuan_parent/service/service_edu/target/classes started by yuanshuai in /Users/yuanshuai/Desktop/projects/yuan_parent)
2022-02-08 11:44:55.898 [main] INFO  com.yuan.eduservice.EduApplication - The following profiles are active: dev
2022-02-08 11:44:57.072 [main] INFO  o.s.d.r.config.RepositoryConfigurationDelegate - Multiple Spring Data modules found, entering strict repository configuration mode!
2022-02-08 11:44:57.075 [main] INFO  o.s.d.r.config.RepositoryConfigurationDelegate - Bootstrapping Spring Data repositories in DEFAULT mode.
2022-02-08 11:44:57.106 [main] INFO  o.s.d.r.config.RepositoryConfigurationDelegate - Finished Spring Data repository scanning in 14ms. Found 0 repository interfaces.
2022-02-08 11:44:57.425 [main] INFO  o.s.c.s.PostProcessorRegistrationDelegate$BeanPostProcessorChecker - Bean 'org.springframework.transaction.annotation.ProxyTransactionManagementConfiguration' of type [org.springframework.transaction.annotation.ProxyTransactionManagementConfiguration] is not eligible for getting processed by all BeanPostProcessors (for example: not eligible for auto-proxying)
2022-02-08 11:44:57.694 [main] INFO  o.s.boot.web.embedded.tomcat.TomcatWebServer - Tomcat initialized with port(s): 8001 (http)
2022-02-08 11:44:57.705 [main] INFO  org.apache.coyote.http11.Http11NioProtocol - Initializing ProtocolHandler ["http-nio-8001"]
2022-02-08 11:44:57.706 [main] INFO  org.apache.catalina.core.StandardService - Starting service [Tomcat]
2022-02-08 11:44:57.706 [main] INFO  org.apache.catalina.core.StandardEngine - Starting Servlet engine: [Apache Tomcat/9.0.27]
2022-02-08 11:44:57.814 [main] INFO  o.a.c.core.ContainerBase.[Tomcat].[localhost].[/] - Initializing Spring embedded WebApplicationContext
2022-02-08 11:44:57.814 [main] INFO  org.springframework.web.context.ContextLoader - Root WebApplicationContext: initialization completed in 1860 ms
2022-02-08 11:44:58.086 [main] INFO  com.zaxxer.hikari.HikariDataSource - YuanHikariPool - Starting...
2022-02-08 11:44:58.807 [main] INFO  com.zaxxer.hikari.HikariDataSource - YuanHikariPool - Start completed.
2022-02-08 11:45:00.654 [main] INFO  s.d.s.w.PropertySourcedRequestMappingHandlerMapping - Mapped URL path [/v2/api-docs] onto method [springfox.documentation.swagger2.web.Swagger2Controller#getDocumentation(String, HttpServletRequest)]
2022-02-08 11:45:00.786 [main] INFO  o.s.scheduling.concurrent.ThreadPoolTaskExecutor - Initializing ExecutorService 'applicationTaskExecutor'
2022-02-08 11:45:01.407 [main] INFO  s.d.s.web.plugins.DocumentationPluginsBootstrapper - Context refreshed
2022-02-08 11:45:01.429 [main] INFO  s.d.s.web.plugins.DocumentationPluginsBootstrapper - Found 1 custom documentation plugin(s)
2022-02-08 11:45:01.474 [main] INFO  s.d.spring.web.scanners.ApiListingReferenceScanner - Scanning for api listing references
2022-02-08 11:45:01.697 [main] INFO  org.apache.coyote.http11.Http11NioProtocol - Starting ProtocolHandler ["http-nio-8001"]
2022-02-08 11:45:01.735 [main] INFO  o.s.boot.web.embedded.tomcat.TomcatWebServer - Tomcat started on port(s): 8001 (http) with context path ''
2022-02-08 11:45:01.739 [main] INFO  com.yuan.eduservice.EduApplication - Started EduApplication in 6.802 seconds (JVM running for 7.617)
2022-02-08 11:45:18.402 [http-nio-8001-exec-1] INFO  o.a.c.core.ContainerBase.[Tomcat].[localhost].[/] - Initializing Spring DispatcherServlet 'dispatcherServlet'
2022-02-08 11:45:18.403 [http-nio-8001-exec-1] INFO  org.springframework.web.servlet.DispatcherServlet - Initializing Servlet 'dispatcherServlet'
2022-02-08 11:45:18.413 [http-nio-8001-exec-1] INFO  org.springframework.web.servlet.DispatcherServlet - Completed initialization in 10 ms
2022-02-08 12:20:43.540 [SpringContextShutdownHook] INFO  o.s.scheduling.concurrent.ThreadPoolTaskExecutor - Shutting down ExecutorService 'applicationTaskExecutor'
2022-02-08 12:20:43.542 [SpringContextShutdownHook] INFO  com.zaxxer.hikari.HikariDataSource - YuanHikariPool - Shutdown initiated...
2022-02-08 12:20:43.547 [SpringContextShutdownHook] INFO  com.zaxxer.hikari.HikariDataSource - YuanHikariPool - Shutdown completed.
2022-02-08 12:20:50.636 [main] INFO  com.yuan.eduservice.EduApplication - Starting EduApplication on yuanshuaideMacBook-Pro.local with PID 31108 (/Users/yuanshuai/Desktop/projects/yuan_parent/service/service_edu/target/classes started by yuanshuai in /Users/yuanshuai/Desktop/projects/yuan_parent)
2022-02-08 12:20:50.639 [main] INFO  com.yuan.eduservice.EduApplication - The following profiles are active: dev
2022-02-08 12:20:51.328 [main] INFO  o.s.d.r.config.RepositoryConfigurationDelegate - Multiple Spring Data modules found, entering strict repository configuration mode!
2022-02-08 12:20:51.330 [main] INFO  o.s.d.r.config.RepositoryConfigurationDelegate - Bootstrapping Spring Data repositories in DEFAULT mode.
2022-02-08 12:20:51.351 [main] INFO  o.s.d.r.config.RepositoryConfigurationDelegate - Finished Spring Data repository scanning in 11ms. Found 0 repository interfaces.
2022-02-08 12:20:51.558 [main] INFO  o.s.c.s.PostProcessorRegistrationDelegate$BeanPostProcessorChecker - Bean 'org.springframework.transaction.annotation.ProxyTransactionManagementConfiguration' of type [org.springframework.transaction.annotation.ProxyTransactionManagementConfiguration] is not eligible for getting processed by all BeanPostProcessors (for example: not eligible for auto-proxying)
2022-02-08 12:20:51.731 [main] INFO  o.s.boot.web.embedded.tomcat.TomcatWebServer - Tomcat initialized with port(s): 8001 (http)
2022-02-08 12:20:51.738 [main] INFO  org.apache.coyote.http11.Http11NioProtocol - Initializing ProtocolHandler ["http-nio-8001"]
2022-02-08 12:20:51.738 [main] INFO  org.apache.catalina.core.StandardService - Starting service [Tomcat]
2022-02-08 12:20:51.739 [main] INFO  org.apache.catalina.core.StandardEngine - Starting Servlet engine: [Apache Tomcat/9.0.27]
2022-02-08 12:20:51.806 [main] INFO  o.a.c.core.ContainerBase.[Tomcat].[localhost].[/] - Initializing Spring embedded WebApplicationContext
2022-02-08 12:20:51.806 [main] INFO  org.springframework.web.context.ContextLoader - Root WebApplicationContext: initialization completed in 1100 ms
2022-02-08 12:20:51.982 [main] INFO  com.zaxxer.hikari.HikariDataSource - YuanHikariPool - Starting...
2022-02-08 12:20:52.347 [main] INFO  com.zaxxer.hikari.HikariDataSource - YuanHikariPool - Start completed.
2022-02-08 12:20:52.864 [main] INFO  s.d.s.w.PropertySourcedRequestMappingHandlerMapping - Mapped URL path [/v2/api-docs] onto method [springfox.documentation.swagger2.web.Swagger2Controller#getDocumentation(String, HttpServletRequest)]
2022-02-08 12:20:52.946 [main] INFO  o.s.scheduling.concurrent.ThreadPoolTaskExecutor - Initializing ExecutorService 'applicationTaskExecutor'
2022-02-08 12:20:53.286 [main] INFO  s.d.s.web.plugins.DocumentationPluginsBootstrapper - Context refreshed
2022-02-08 12:20:53.297 [main] INFO  s.d.s.web.plugins.DocumentationPluginsBootstrapper - Found 1 custom documentation plugin(s)
2022-02-08 12:20:53.320 [main] INFO  s.d.spring.web.scanners.ApiListingReferenceScanner - Scanning for api listing references
2022-02-08 12:20:53.477 [main] INFO  org.apache.coyote.http11.Http11NioProtocol - Starting ProtocolHandler ["http-nio-8001"]
2022-02-08 12:20:53.505 [main] INFO  o.s.boot.web.embedded.tomcat.TomcatWebServer - Tomcat started on port(s): 8001 (http) with context path ''
2022-02-08 12:20:53.508 [main] INFO  com.yuan.eduservice.EduApplication - Started EduApplication in 3.274 seconds (JVM running for 3.943)
2022-02-08 12:21:12.397 [http-nio-8001-exec-1] INFO  o.a.c.core.ContainerBase.[Tomcat].[localhost].[/] - Initializing Spring DispatcherServlet 'dispatcherServlet'
2022-02-08 12:21:12.397 [http-nio-8001-exec-1] INFO  org.springframework.web.servlet.DispatcherServlet - Initializing Servlet 'dispatcherServlet'
2022-02-08 12:21:12.403 [http-nio-8001-exec-1] INFO  org.springframework.web.servlet.DispatcherServlet - Completed initialization in 6 ms
2022-02-08 13:30:04.682 [SpringContextShutdownHook] INFO  o.s.scheduling.concurrent.ThreadPoolTaskExecutor - Shutting down ExecutorService 'applicationTaskExecutor'
2022-02-08 13:30:04.684 [SpringContextShutdownHook] INFO  com.zaxxer.hikari.HikariDataSource - YuanHikariPool - Shutdown initiated...
2022-02-08 13:30:04.692 [SpringContextShutdownHook] INFO  com.zaxxer.hikari.HikariDataSource - YuanHikariPool - Shutdown completed.
2022-02-08 13:30:11.917 [main] INFO  com.yuan.eduservice.EduApplication - Starting EduApplication on yuanshuaideMacBook-Pro.local with PID 59682 (/Users/yuanshuai/Desktop/projects/yuan_parent/service/service_edu/target/classes started by yuanshuai in /Users/yuanshuai/Desktop/projects/yuan_parent)
2022-02-08 13:30:11.919 [main] INFO  com.yuan.eduservice.EduApplication - The following profiles are active: dev
2022-02-08 13:30:12.594 [main] INFO  o.s.d.r.config.RepositoryConfigurationDelegate - Multiple Spring Data modules found, entering strict repository configuration mode!
2022-02-08 13:30:12.596 [main] INFO  o.s.d.r.config.RepositoryConfigurationDelegate - Bootstrapping Spring Data repositories in DEFAULT mode.
2022-02-08 13:30:12.617 [main] INFO  o.s.d.r.config.RepositoryConfigurationDelegate - Finished Spring Data repository scanning in 11ms. Found 0 repository interfaces.
2022-02-08 13:30:12.826 [main] INFO  o.s.c.s.PostProcessorRegistrationDelegate$BeanPostProcessorChecker - Bean 'org.springframework.transaction.annotation.ProxyTransactionManagementConfiguration' of type [org.springframework.transaction.annotation.ProxyTransactionManagementConfiguration] is not eligible for getting processed by all BeanPostProcessors (for example: not eligible for auto-proxying)
2022-02-08 13:30:13.009 [main] INFO  o.s.boot.web.embedded.tomcat.TomcatWebServer - Tomcat initialized with port(s): 8001 (http)
2022-02-08 13:30:13.016 [main] INFO  org.apache.coyote.http11.Http11NioProtocol - Initializing ProtocolHandler ["http-nio-8001"]
2022-02-08 13:30:13.017 [main] INFO  org.apache.catalina.core.StandardService - Starting service [Tomcat]
2022-02-08 13:30:13.017 [main] INFO  org.apache.catalina.core.StandardEngine - Starting Servlet engine: [Apache Tomcat/9.0.27]
2022-02-08 13:30:13.088 [main] INFO  o.a.c.core.ContainerBase.[Tomcat].[localhost].[/] - Initializing Spring embedded WebApplicationContext
2022-02-08 13:30:13.088 [main] INFO  org.springframework.web.context.ContextLoader - Root WebApplicationContext: initialization completed in 1108 ms
2022-02-08 13:30:13.257 [main] INFO  com.zaxxer.hikari.HikariDataSource - YuanHikariPool - Starting...
2022-02-08 13:30:13.601 [main] INFO  com.zaxxer.hikari.HikariDataSource - YuanHikariPool - Start completed.
2022-02-08 13:30:14.129 [main] INFO  s.d.s.w.PropertySourcedRequestMappingHandlerMapping - Mapped URL path [/v2/api-docs] onto method [springfox.documentation.swagger2.web.Swagger2Controller#getDocumentation(String, HttpServletRequest)]
2022-02-08 13:30:14.213 [main] INFO  o.s.scheduling.concurrent.ThreadPoolTaskExecutor - Initializing ExecutorService 'applicationTaskExecutor'
2022-02-08 13:30:14.547 [main] INFO  s.d.s.web.plugins.DocumentationPluginsBootstrapper - Context refreshed
2022-02-08 13:30:14.559 [main] INFO  s.d.s.web.plugins.DocumentationPluginsBootstrapper - Found 1 custom documentation plugin(s)
2022-02-08 13:30:14.583 [main] INFO  s.d.spring.web.scanners.ApiListingReferenceScanner - Scanning for api listing references
2022-02-08 13:30:14.754 [main] INFO  org.apache.coyote.http11.Http11NioProtocol - Starting ProtocolHandler ["http-nio-8001"]
2022-02-08 13:30:14.781 [main] INFO  o.s.boot.web.embedded.tomcat.TomcatWebServer - Tomcat started on port(s): 8001 (http) with context path ''
2022-02-08 13:30:14.784 [main] INFO  com.yuan.eduservice.EduApplication - Started EduApplication in 3.288 seconds (JVM running for 4.114)
2022-02-08 13:30:17.497 [http-nio-8001-exec-1] INFO  o.a.c.core.ContainerBase.[Tomcat].[localhost].[/] - Initializing Spring DispatcherServlet 'dispatcherServlet'
2022-02-08 13:30:17.497 [http-nio-8001-exec-1] INFO  org.springframework.web.servlet.DispatcherServlet - Initializing Servlet 'dispatcherServlet'
2022-02-08 13:30:17.502 [http-nio-8001-exec-1] INFO  org.springframework.web.servlet.DispatcherServlet - Completed initialization in 5 ms
2022-02-08 14:07:42.344 [SpringContextShutdownHook] INFO  o.s.scheduling.concurrent.ThreadPoolTaskExecutor - Shutting down ExecutorService 'applicationTaskExecutor'
2022-02-08 14:07:42.346 [SpringContextShutdownHook] INFO  com.zaxxer.hikari.HikariDataSource - YuanHikariPool - Shutdown initiated...
2022-02-08 14:07:42.352 [SpringContextShutdownHook] INFO  com.zaxxer.hikari.HikariDataSource - YuanHikariPool - Shutdown completed.
