2022-02-10 00:05:58.523 [http-nio-8001-exec-1] INFO  o.a.c.core.ContainerBase.[Tomcat].[localhost].[/] - Initializing Spring DispatcherServlet 'dispatcherServlet'
2022-02-10 00:05:58.529 [http-nio-8001-exec-1] INFO  org.springframework.web.servlet.DispatcherServlet - Initializing Servlet 'dispatcherServlet'
2022-02-10 00:05:58.548 [http-nio-8001-exec-1] INFO  org.springframework.web.servlet.DispatcherServlet - Completed initialization in 19 ms
2022-02-10 00:44:17.631 [SpringContextShutdownHook] INFO  o.s.scheduling.concurrent.ThreadPoolTaskExecutor - Shutting down ExecutorService 'applicationTaskExecutor'
2022-02-10 00:44:17.636 [SpringContextShutdownHook] INFO  com.zaxxer.hikari.HikariDataSource - YuanHikariPool - Shutdown initiated...
2022-02-10 00:44:17.640 [SpringContextShutdownHook] INFO  com.zaxxer.hikari.HikariDataSource - YuanHikariPool - Shutdown completed.
2022-02-10 00:44:24.012 [main] INFO  com.yuan.eduservice.EduApplication - Starting EduApplication on yuanshuaideMacBook-Pro.local with PID 12533 (/Users/yuanshuai/Desktop/projects/yuan_parent/service/service_edu/target/classes started by yuanshuai in /Users/yuanshuai/Desktop/projects/yuan_parent)
2022-02-10 00:44:24.017 [main] INFO  com.yuan.eduservice.EduApplication - The following profiles are active: dev
2022-02-10 00:44:25.026 [main] INFO  o.s.d.r.config.RepositoryConfigurationDelegate - Multiple Spring Data modules found, entering strict repository configuration mode!
2022-02-10 00:44:25.028 [main] INFO  o.s.d.r.config.RepositoryConfigurationDelegate - Bootstrapping Spring Data repositories in DEFAULT mode.
2022-02-10 00:44:25.055 [main] INFO  o.s.d.r.config.RepositoryConfigurationDelegate - Finished Spring Data repository scanning in 14ms. Found 0 repository interfaces.
2022-02-10 00:44:25.346 [main] INFO  o.s.c.s.PostProcessorRegistrationDelegate$BeanPostProcessorChecker - Bean 'org.springframework.transaction.annotation.ProxyTransactionManagementConfiguration' of type [org.springframework.transaction.annotation.ProxyTransactionManagementConfiguration] is not eligible for getting processed by all BeanPostProcessors (for example: not eligible for auto-proxying)
2022-02-10 00:44:25.642 [main] INFO  o.s.boot.web.embedded.tomcat.TomcatWebServer - Tomcat initialized with port(s): 8001 (http)
2022-02-10 00:44:25.652 [main] INFO  org.apache.coyote.http11.Http11NioProtocol - Initializing ProtocolHandler ["http-nio-8001"]
2022-02-10 00:44:25.653 [main] INFO  org.apache.catalina.core.StandardService - Starting service [Tomcat]
2022-02-10 00:44:25.653 [main] INFO  org.apache.catalina.core.StandardEngine - Starting Servlet engine: [Apache Tomcat/9.0.27]
2022-02-10 00:44:25.795 [main] INFO  o.a.c.core.ContainerBase.[Tomcat].[localhost].[/] - Initializing Spring embedded WebApplicationContext
2022-02-10 00:44:25.796 [main] INFO  org.springframework.web.context.ContextLoader - Root WebApplicationContext: initialization completed in 1728 ms
2022-02-10 00:44:26.128 [main] INFO  com.zaxxer.hikari.HikariDataSource - YuanHikariPool - Starting...
2022-02-10 00:44:26.616 [main] INFO  com.zaxxer.hikari.HikariDataSource - YuanHikariPool - Start completed.
2022-02-10 00:44:27.634 [main] INFO  s.d.s.w.PropertySourcedRequestMappingHandlerMapping - Mapped URL path [/v2/api-docs] onto method [springfox.documentation.swagger2.web.Swagger2Controller#getDocumentation(String, HttpServletRequest)]
2022-02-10 00:44:27.844 [main] INFO  o.s.scheduling.concurrent.ThreadPoolTaskExecutor - Initializing ExecutorService 'applicationTaskExecutor'
2022-02-10 00:44:28.452 [main] INFO  s.d.s.web.plugins.DocumentationPluginsBootstrapper - Context refreshed
2022-02-10 00:44:28.469 [main] INFO  s.d.s.web.plugins.DocumentationPluginsBootstrapper - Found 1 custom documentation plugin(s)
2022-02-10 00:44:28.508 [main] INFO  s.d.spring.web.scanners.ApiListingReferenceScanner - Scanning for api listing references
2022-02-10 00:44:28.858 [main] INFO  org.apache.coyote.http11.Http11NioProtocol - Starting ProtocolHandler ["http-nio-8001"]
2022-02-10 00:44:28.912 [main] INFO  o.s.boot.web.embedded.tomcat.TomcatWebServer - Tomcat started on port(s): 8001 (http) with context path ''
2022-02-10 00:44:28.918 [main] INFO  com.yuan.eduservice.EduApplication - Started EduApplication in 5.545 seconds (JVM running for 6.51)
2022-02-10 00:59:00.812 [SpringContextShutdownHook] INFO  o.s.scheduling.concurrent.ThreadPoolTaskExecutor - Shutting down ExecutorService 'applicationTaskExecutor'
2022-02-10 00:59:00.818 [SpringContextShutdownHook] INFO  com.zaxxer.hikari.HikariDataSource - YuanHikariPool - Shutdown initiated...
2022-02-10 00:59:00.834 [SpringContextShutdownHook] INFO  com.zaxxer.hikari.HikariDataSource - YuanHikariPool - Shutdown completed.
2022-02-10 19:50:27.528 [main] INFO  com.yuan.eduservice.EduApplication - Starting EduApplication on yuanshuaideMacBook-Pro.local with PID 20711 (/Users/yuanshuai/Desktop/projects/yuan_parent/service/service_edu/target/classes started by yuanshuai in /Users/yuanshuai/Desktop/projects/yuan_parent)
2022-02-10 19:50:27.532 [main] INFO  com.yuan.eduservice.EduApplication - The following profiles are active: dev
2022-02-10 19:50:28.719 [main] INFO  o.s.d.r.config.RepositoryConfigurationDelegate - Multiple Spring Data modules found, entering strict repository configuration mode!
2022-02-10 19:50:28.723 [main] INFO  o.s.d.r.config.RepositoryConfigurationDelegate - Bootstrapping Spring Data repositories in DEFAULT mode.
2022-02-10 19:50:28.757 [main] INFO  o.s.d.r.config.RepositoryConfigurationDelegate - Finished Spring Data repository scanning in 14ms. Found 0 repository interfaces.
2022-02-10 19:50:29.062 [main] INFO  o.s.c.s.PostProcessorRegistrationDelegate$BeanPostProcessorChecker - Bean 'org.springframework.transaction.annotation.ProxyTransactionManagementConfiguration' of type [org.springframework.transaction.annotation.ProxyTransactionManagementConfiguration] is not eligible for getting processed by all BeanPostProcessors (for example: not eligible for auto-proxying)
2022-02-10 19:50:29.365 [main] INFO  o.s.boot.web.embedded.tomcat.TomcatWebServer - Tomcat initialized with port(s): 8001 (http)
2022-02-10 19:50:29.380 [main] INFO  org.apache.coyote.http11.Http11NioProtocol - Initializing ProtocolHandler ["http-nio-8001"]
2022-02-10 19:50:29.381 [main] INFO  org.apache.catalina.core.StandardService - Starting service [Tomcat]
2022-02-10 19:50:29.381 [main] INFO  org.apache.catalina.core.StandardEngine - Starting Servlet engine: [Apache Tomcat/9.0.27]
2022-02-10 19:50:29.498 [main] INFO  o.a.c.core.ContainerBase.[Tomcat].[localhost].[/] - Initializing Spring embedded WebApplicationContext
2022-02-10 19:50:29.499 [main] INFO  org.springframework.web.context.ContextLoader - Root WebApplicationContext: initialization completed in 1871 ms
2022-02-10 19:50:29.754 [main] INFO  com.zaxxer.hikari.HikariDataSource - YuanHikariPool - Starting...
2022-02-10 19:50:30.383 [main] INFO  com.zaxxer.hikari.HikariDataSource - YuanHikariPool - Start completed.
2022-02-10 19:50:31.374 [main] INFO  s.d.s.w.PropertySourcedRequestMappingHandlerMapping - Mapped URL path [/v2/api-docs] onto method [springfox.documentation.swagger2.web.Swagger2Controller#getDocumentation(String, HttpServletRequest)]
2022-02-10 19:50:31.547 [main] INFO  o.s.scheduling.concurrent.ThreadPoolTaskExecutor - Initializing ExecutorService 'applicationTaskExecutor'
2022-02-10 19:50:32.666 [main] INFO  s.d.s.web.plugins.DocumentationPluginsBootstrapper - Context refreshed
2022-02-10 19:50:32.742 [main] INFO  s.d.s.web.plugins.DocumentationPluginsBootstrapper - Found 1 custom documentation plugin(s)
2022-02-10 19:50:32.863 [main] INFO  s.d.spring.web.scanners.ApiListingReferenceScanner - Scanning for api listing references
2022-02-10 19:50:33.266 [main] INFO  org.apache.coyote.http11.Http11NioProtocol - Starting ProtocolHandler ["http-nio-8001"]
2022-02-10 19:50:33.318 [main] INFO  o.s.boot.web.embedded.tomcat.TomcatWebServer - Tomcat started on port(s): 8001 (http) with context path ''
2022-02-10 19:50:33.323 [main] INFO  com.yuan.eduservice.EduApplication - Started EduApplication in 6.671 seconds (JVM running for 7.424)
2022-02-10 19:55:25.535 [http-nio-8001-exec-1] INFO  o.a.c.core.ContainerBase.[Tomcat].[localhost].[/] - Initializing Spring DispatcherServlet 'dispatcherServlet'
2022-02-10 19:55:25.536 [http-nio-8001-exec-1] INFO  org.springframework.web.servlet.DispatcherServlet - Initializing Servlet 'dispatcherServlet'
2022-02-10 19:55:25.546 [http-nio-8001-exec-1] INFO  org.springframework.web.servlet.DispatcherServlet - Completed initialization in 10 ms
2022-02-10 22:45:15.998 [SpringContextShutdownHook] INFO  o.s.scheduling.concurrent.ThreadPoolTaskExecutor - Shutting down ExecutorService 'applicationTaskExecutor'
2022-02-10 22:45:16.002 [SpringContextShutdownHook] INFO  com.zaxxer.hikari.HikariDataSource - YuanHikariPool - Shutdown initiated...
2022-02-10 22:45:16.008 [SpringContextShutdownHook] INFO  com.zaxxer.hikari.HikariDataSource - YuanHikariPool - Shutdown completed.
